[0m01:23:52.898880 [debug] [MainThread]: Sending event: {'category': 'dbt', 'action': 'invocation', 'label': 'start', 'context': [<snowplow_tracker.self_describing_json.SelfDescribingJson object at 0x7f37ccb6e0a0>, <snowplow_tracker.self_describing_json.SelfDescribingJson object at 0x7f37cba55130>, <snowplow_tracker.self_describing_json.SelfDescribingJson object at 0x7f37cba55a60>]}


============================== 01:23:52.902526 | 3bf85b11-30c7-4dcf-88d0-abc14dfe62fa ==============================
[0m01:23:52.902526 [info ] [MainThread]: Running with dbt=1.6.0
[0m01:23:52.902967 [debug] [MainThread]: running dbt with arguments {'printer_width': '80', 'indirect_selection': 'eager', 'write_json': 'True', 'log_cache_events': 'False', 'partial_parse': 'True', 'cache_selected_only': 'False', 'profiles_dir': '/home/duncan/.dbt', 'version_check': 'True', 'warn_error': 'None', 'log_path': 'logs', 'debug': 'False', 'fail_fast': 'False', 'use_colors': 'True', 'use_experimental_parser': 'False', 'no_print': 'None', 'quiet': 'False', 'log_format': 'default', 'invocation_command': 'dbt init', 'introspect': 'True', 'warn_error_options': 'WarnErrorOptions(include=[], exclude=[])', 'target_path': 'None', 'static_parser': 'True', 'send_anonymous_usage_stats': 'True'}
[0m01:24:10.340594 [debug] [MainThread]: Starter project path: /home/duncan/.local/lib/python3.8/site-packages/dbt/include/starter_project
[0m01:24:10.357277 [info ] [MainThread]: 
Your new dbt project "mydbt" was created!

For more information on how to configure the profiles.yml file,
please consult the dbt documentation here:

  https://docs.getdbt.com/docs/configure-your-profile

One more thing:

Need help? Don't hesitate to reach out to us via GitHub issues or on Slack:

  https://community.getdbt.com/

Happy modeling!

[0m01:24:10.357734 [info ] [MainThread]: Setting up your profile.
[0m01:24:13.983619 [debug] [MainThread]: Command `dbt init` succeeded at 01:24:13.983453 after 21.10 seconds
[0m01:24:13.983991 [debug] [MainThread]: Sending event: {'category': 'dbt', 'action': 'invocation', 'label': 'end', 'context': [<snowplow_tracker.self_describing_json.SelfDescribingJson object at 0x7f37ccb6e0a0>, <snowplow_tracker.self_describing_json.SelfDescribingJson object at 0x7f37caf0ad90>, <snowplow_tracker.self_describing_json.SelfDescribingJson object at 0x7f37c95b12b0>]}
[0m01:24:13.984311 [debug] [MainThread]: Flushing usage events
[0m03:22:32.748929 [debug] [MainThread]: Sending event: {'category': 'dbt', 'action': 'invocation', 'label': 'start', 'context': [<snowplow_tracker.self_describing_json.SelfDescribingJson object at 0x7f0addbe9280>, <snowplow_tracker.self_describing_json.SelfDescribingJson object at 0x7f0adcada400>, <snowplow_tracker.self_describing_json.SelfDescribingJson object at 0x7f0adcada2b0>]}


============================== 03:22:32.752681 | 9e9699e5-6de8-4223-9177-074e22eefa52 ==============================
[0m03:22:32.752681 [info ] [MainThread]: Running with dbt=1.6.0
[0m03:22:32.753191 [debug] [MainThread]: running dbt with arguments {'printer_width': '80', 'indirect_selection': 'eager', 'write_json': 'True', 'log_cache_events': 'False', 'partial_parse': 'True', 'cache_selected_only': 'False', 'profiles_dir': '/home/duncan/.dbt', 'debug': 'False', 'warn_error': 'None', 'log_path': 'logs', 'fail_fast': 'False', 'version_check': 'True', 'use_colors': 'True', 'use_experimental_parser': 'False', 'no_print': 'None', 'quiet': 'False', 'log_format': 'default', 'invocation_command': 'dbt debug', 'warn_error_options': 'WarnErrorOptions(include=[], exclude=[])', 'introspect': 'True', 'target_path': 'None', 'static_parser': 'True', 'send_anonymous_usage_stats': 'True'}
[0m03:22:32.753662 [info ] [MainThread]: dbt version: 1.6.0
[0m03:22:32.753988 [info ] [MainThread]: python version: 3.8.10
[0m03:22:32.754327 [info ] [MainThread]: python path: /usr/bin/python3
[0m03:22:32.754624 [info ] [MainThread]: os info: Linux-5.15.0-1042-azure-x86_64-with-glibc2.29
[0m03:22:32.790667 [info ] [MainThread]: Using profiles dir at /home/duncan/.dbt
[0m03:22:32.791126 [info ] [MainThread]: Using profiles.yml file at /home/duncan/.dbt/profiles.yml
[0m03:22:32.791482 [info ] [MainThread]: Using dbt_project.yml file at /home/duncan/test/dbt_project.yml
[0m03:22:32.791823 [info ] [MainThread]: Configuration:
[0m03:22:32.792107 [info ] [MainThread]:   profiles.yml file [[31mERROR invalid[0m]
[0m03:22:32.792398 [info ] [MainThread]:   dbt_project.yml file [[31mERROR not found[0m]
[0m03:22:32.792673 [info ] [MainThread]: Required dependencies:
[0m03:22:32.792980 [debug] [MainThread]: Executing "git --help"
[0m03:22:32.796799 [debug] [MainThread]: STDOUT: "b"usage: git [--version] [--help] [-C <path>] [-c <name>=<value>]\n           [--exec-path[=<path>]] [--html-path] [--man-path] [--info-path]\n           [-p | --paginate | -P | --no-pager] [--no-replace-objects] [--bare]\n           [--git-dir=<path>] [--work-tree=<path>] [--namespace=<name>]\n           <command> [<args>]\n\nThese are common Git commands used in various situations:\n\nstart a working area (see also: git help tutorial)\n   clone             Clone a repository into a new directory\n   init              Create an empty Git repository or reinitialize an existing one\n\nwork on the current change (see also: git help everyday)\n   add               Add file contents to the index\n   mv                Move or rename a file, a directory, or a symlink\n   restore           Restore working tree files\n   rm                Remove files from the working tree and from the index\n   sparse-checkout   Initialize and modify the sparse-checkout\n\nexamine the history and state (see also: git help revisions)\n   bisect            Use binary search to find the commit that introduced a bug\n   diff              Show changes between commits, commit and working tree, etc\n   grep              Print lines matching a pattern\n   log               Show commit logs\n   show              Show various types of objects\n   status            Show the working tree status\n\ngrow, mark and tweak your common history\n   branch            List, create, or delete branches\n   commit            Record changes to the repository\n   merge             Join two or more development histories together\n   rebase            Reapply commits on top of another base tip\n   reset             Reset current HEAD to the specified state\n   switch            Switch branches\n   tag               Create, list, delete or verify a tag object signed with GPG\n\ncollaborate (see also: git help workflows)\n   fetch             Download objects and refs from another repository\n   pull              Fetch from and integrate with another repository or a local branch\n   push              Update remote refs along with associated objects\n\n'git help -a' and 'git help -g' list available subcommands and some\nconcept guides. See 'git help <command>' or 'git help <concept>'\nto read about a specific subcommand or concept.\nSee 'git help git' for an overview of the system.\n""
[0m03:22:32.797404 [debug] [MainThread]: STDERR: "b''"
[0m03:22:32.797772 [info ] [MainThread]:  - git [[32mOK found[0m]

[0m03:22:32.798097 [info ] [MainThread]: Connection test skipped since no profile was found
[0m03:22:32.798451 [info ] [MainThread]: [31m2 checks failed:[0m
[0m03:22:32.798869 [info ] [MainThread]: Could not load dbt_project.yml
Profile loading failed for the following reason:
Runtime Error
  Credentials in profile "test_project", target "dev" invalid: ['dbname'] is not of type 'string'

Runtime Error
  Credentials in profile "mydbt", target "dev" invalid: ['dbname'] is not of type 'string'


[0m03:22:32.799203 [info ] [MainThread]: Project loading failed for the following reason:
 project path </home/duncan/test/dbt_project.yml> not found

[0m03:22:32.799818 [debug] [MainThread]: Command `dbt debug` failed at 03:22:32.799705 after 0.06 seconds
[0m03:22:32.800200 [debug] [MainThread]: Sending event: {'category': 'dbt', 'action': 'invocation', 'label': 'end', 'context': [<snowplow_tracker.self_describing_json.SelfDescribingJson object at 0x7f0addbe9280>, <snowplow_tracker.self_describing_json.SelfDescribingJson object at 0x7f0ada5d7490>, <snowplow_tracker.self_describing_json.SelfDescribingJson object at 0x7f0ada5d76a0>]}
[0m03:22:32.800600 [debug] [MainThread]: Flushing usage events
[0m03:22:41.226794 [debug] [MainThread]: Sending event: {'category': 'dbt', 'action': 'invocation', 'label': 'start', 'context': [<snowplow_tracker.self_describing_json.SelfDescribingJson object at 0x7f2275b063d0>, <snowplow_tracker.self_describing_json.SelfDescribingJson object at 0x7f22749ce190>, <snowplow_tracker.self_describing_json.SelfDescribingJson object at 0x7f22749ce310>]}


============================== 03:22:41.230180 | d92a1403-bbd6-459f-bdca-72ea540041c5 ==============================
[0m03:22:41.230180 [info ] [MainThread]: Running with dbt=1.6.0
[0m03:22:41.230731 [debug] [MainThread]: running dbt with arguments {'printer_width': '80', 'indirect_selection': 'eager', 'write_json': 'True', 'log_cache_events': 'False', 'partial_parse': 'True', 'cache_selected_only': 'False', 'profiles_dir': '/home/duncan/.dbt', 'debug': 'False', 'fail_fast': 'False', 'log_path': 'logs', 'version_check': 'True', 'warn_error': 'None', 'use_colors': 'True', 'use_experimental_parser': 'False', 'no_print': 'None', 'quiet': 'False', 'log_format': 'default', 'invocation_command': 'dbt debug', 'introspect': 'True', 'warn_error_options': 'WarnErrorOptions(include=[], exclude=[])', 'target_path': 'None', 'static_parser': 'True', 'send_anonymous_usage_stats': 'True'}
[0m03:22:41.231278 [info ] [MainThread]: dbt version: 1.6.0
[0m03:22:41.231698 [info ] [MainThread]: python version: 3.8.10
[0m03:22:41.232085 [info ] [MainThread]: python path: /usr/bin/python3
[0m03:22:41.232456 [info ] [MainThread]: os info: Linux-5.15.0-1042-azure-x86_64-with-glibc2.29
[0m03:22:41.275446 [info ] [MainThread]: Using profiles dir at /home/duncan/.dbt
[0m03:22:41.276069 [info ] [MainThread]: Using profiles.yml file at /home/duncan/.dbt/profiles.yml
[0m03:22:41.276509 [info ] [MainThread]: Using dbt_project.yml file at /home/duncan/test/dbt_project.yml
[0m03:22:41.277005 [info ] [MainThread]: Configuration:
[0m03:22:41.277484 [info ] [MainThread]:   profiles.yml file [[31mERROR invalid[0m]
[0m03:22:41.277934 [info ] [MainThread]:   dbt_project.yml file [[31mERROR not found[0m]
[0m03:22:41.278381 [info ] [MainThread]: Required dependencies:
[0m03:22:41.278822 [debug] [MainThread]: Executing "git --help"
[0m03:22:41.283691 [debug] [MainThread]: STDOUT: "b"usage: git [--version] [--help] [-C <path>] [-c <name>=<value>]\n           [--exec-path[=<path>]] [--html-path] [--man-path] [--info-path]\n           [-p | --paginate | -P | --no-pager] [--no-replace-objects] [--bare]\n           [--git-dir=<path>] [--work-tree=<path>] [--namespace=<name>]\n           <command> [<args>]\n\nThese are common Git commands used in various situations:\n\nstart a working area (see also: git help tutorial)\n   clone             Clone a repository into a new directory\n   init              Create an empty Git repository or reinitialize an existing one\n\nwork on the current change (see also: git help everyday)\n   add               Add file contents to the index\n   mv                Move or rename a file, a directory, or a symlink\n   restore           Restore working tree files\n   rm                Remove files from the working tree and from the index\n   sparse-checkout   Initialize and modify the sparse-checkout\n\nexamine the history and state (see also: git help revisions)\n   bisect            Use binary search to find the commit that introduced a bug\n   diff              Show changes between commits, commit and working tree, etc\n   grep              Print lines matching a pattern\n   log               Show commit logs\n   show              Show various types of objects\n   status            Show the working tree status\n\ngrow, mark and tweak your common history\n   branch            List, create, or delete branches\n   commit            Record changes to the repository\n   merge             Join two or more development histories together\n   rebase            Reapply commits on top of another base tip\n   reset             Reset current HEAD to the specified state\n   switch            Switch branches\n   tag               Create, list, delete or verify a tag object signed with GPG\n\ncollaborate (see also: git help workflows)\n   fetch             Download objects and refs from another repository\n   pull              Fetch from and integrate with another repository or a local branch\n   push              Update remote refs along with associated objects\n\n'git help -a' and 'git help -g' list available subcommands and some\nconcept guides. See 'git help <command>' or 'git help <concept>'\nto read about a specific subcommand or concept.\nSee 'git help git' for an overview of the system.\n""
[0m03:22:41.284268 [debug] [MainThread]: STDERR: "b''"
[0m03:22:41.284585 [info ] [MainThread]:  - git [[32mOK found[0m]

[0m03:22:41.284960 [info ] [MainThread]: Connection test skipped since no profile was found
[0m03:22:41.285451 [info ] [MainThread]: [31m2 checks failed:[0m
[0m03:22:41.285843 [info ] [MainThread]: Could not load dbt_project.yml
Profile loading failed for the following reason:
Runtime Error
  Credentials in profile "test_project", target "dev" invalid: ['dbname'] is not of type 'string'

Runtime Error
  Credentials in profile "mydbt", target "dev" invalid: ['dbname'] is not of type 'string'


[0m03:22:41.286243 [info ] [MainThread]: Project loading failed for the following reason:
 project path </home/duncan/test/dbt_project.yml> not found

[0m03:22:41.286988 [debug] [MainThread]: Command `dbt debug` failed at 03:22:41.286864 after 0.07 seconds
[0m03:22:41.287412 [debug] [MainThread]: Sending event: {'category': 'dbt', 'action': 'invocation', 'label': 'end', 'context': [<snowplow_tracker.self_describing_json.SelfDescribingJson object at 0x7f2275b063d0>, <snowplow_tracker.self_describing_json.SelfDescribingJson object at 0x7f22724d6640>, <snowplow_tracker.self_describing_json.SelfDescribingJson object at 0x7f22724d67f0>]}
[0m03:22:41.287827 [debug] [MainThread]: Flushing usage events
[0m03:13:24.221833 [debug] [MainThread]: Sending event: {'category': 'dbt', 'action': 'invocation', 'label': 'start', 'context': [<snowplow_tracker.self_describing_json.SelfDescribingJson object at 0x7fefaaf2e370>, <snowplow_tracker.self_describing_json.SelfDescribingJson object at 0x7fefa9e07100>, <snowplow_tracker.self_describing_json.SelfDescribingJson object at 0x7fefa9e07340>]}


============================== 03:13:24.233474 | 1ba56bd8-3ad3-42a5-8636-ccd55fa34eca ==============================
[0m03:13:24.233474 [info ] [MainThread]: Running with dbt=1.6.0
[0m03:13:24.234051 [debug] [MainThread]: running dbt with arguments {'printer_width': '80', 'indirect_selection': 'eager', 'log_cache_events': 'False', 'write_json': 'True', 'partial_parse': 'True', 'cache_selected_only': 'False', 'profiles_dir': '/home/duncan/.dbt', 'version_check': 'True', 'fail_fast': 'False', 'log_path': 'logs', 'debug': 'False', 'warn_error': 'None', 'use_colors': 'True', 'use_experimental_parser': 'False', 'no_print': 'None', 'quiet': 'False', 'warn_error_options': 'WarnErrorOptions(include=[], exclude=[])', 'invocation_command': 'dbt debug', 'log_format': 'default', 'introspect': 'True', 'target_path': 'None', 'static_parser': 'True', 'send_anonymous_usage_stats': 'True'}
[0m03:13:24.234507 [info ] [MainThread]: dbt version: 1.6.0
[0m03:13:24.234802 [info ] [MainThread]: python version: 3.8.10
[0m03:13:24.235069 [info ] [MainThread]: python path: /usr/bin/python3
[0m03:13:24.235322 [info ] [MainThread]: os info: Linux-5.15.0-1046-azure-x86_64-with-glibc2.29
[0m03:13:24.274710 [info ] [MainThread]: Using profiles dir at /home/duncan/.dbt
[0m03:13:24.275075 [info ] [MainThread]: Using profiles.yml file at /home/duncan/.dbt/profiles.yml
[0m03:13:24.275362 [info ] [MainThread]: Using dbt_project.yml file at /home/duncan/dbttest/dbt_project.yml
[0m03:13:24.275641 [info ] [MainThread]: Configuration:
[0m03:13:24.275900 [info ] [MainThread]:   profiles.yml file [[31mERROR invalid[0m]
[0m03:13:24.276202 [info ] [MainThread]:   dbt_project.yml file [[31mERROR not found[0m]
[0m03:13:24.276469 [info ] [MainThread]: Required dependencies:
[0m03:13:24.276751 [debug] [MainThread]: Executing "git --help"
[0m03:13:24.281079 [debug] [MainThread]: STDOUT: "b"usage: git [--version] [--help] [-C <path>] [-c <name>=<value>]\n           [--exec-path[=<path>]] [--html-path] [--man-path] [--info-path]\n           [-p | --paginate | -P | --no-pager] [--no-replace-objects] [--bare]\n           [--git-dir=<path>] [--work-tree=<path>] [--namespace=<name>]\n           <command> [<args>]\n\nThese are common Git commands used in various situations:\n\nstart a working area (see also: git help tutorial)\n   clone             Clone a repository into a new directory\n   init              Create an empty Git repository or reinitialize an existing one\n\nwork on the current change (see also: git help everyday)\n   add               Add file contents to the index\n   mv                Move or rename a file, a directory, or a symlink\n   restore           Restore working tree files\n   rm                Remove files from the working tree and from the index\n   sparse-checkout   Initialize and modify the sparse-checkout\n\nexamine the history and state (see also: git help revisions)\n   bisect            Use binary search to find the commit that introduced a bug\n   diff              Show changes between commits, commit and working tree, etc\n   grep              Print lines matching a pattern\n   log               Show commit logs\n   show              Show various types of objects\n   status            Show the working tree status\n\ngrow, mark and tweak your common history\n   branch            List, create, or delete branches\n   commit            Record changes to the repository\n   merge             Join two or more development histories together\n   rebase            Reapply commits on top of another base tip\n   reset             Reset current HEAD to the specified state\n   switch            Switch branches\n   tag               Create, list, delete or verify a tag object signed with GPG\n\ncollaborate (see also: git help workflows)\n   fetch             Download objects and refs from another repository\n   pull              Fetch from and integrate with another repository or a local branch\n   push              Update remote refs along with associated objects\n\n'git help -a' and 'git help -g' list available subcommands and some\nconcept guides. See 'git help <command>' or 'git help <concept>'\nto read about a specific subcommand or concept.\nSee 'git help git' for an overview of the system.\n""
[0m03:13:24.281664 [debug] [MainThread]: STDERR: "b''"
[0m03:13:24.281960 [info ] [MainThread]:  - git [[32mOK found[0m]

[0m03:13:24.282254 [info ] [MainThread]: Connection test skipped since no profile was found
[0m03:13:24.282554 [info ] [MainThread]: [31m2 checks failed:[0m
[0m03:13:24.282878 [info ] [MainThread]: Could not load dbt_project.yml
Profile loading failed for the following reason:
Runtime Error
  Credentials in profile "test_project", target "dev" invalid: ['dbname'] is not of type 'string'

Runtime Error
  Credentials in profile "mydbt", target "dev" invalid: ['dbname'] is not of type 'string'

Runtime Error
  Credentials in profile "traffic", target "dev" invalid: ['dbname'] is not of type 'string'

Runtime Error
  Credentials in profile "dbt_health", target "dev" invalid: ['dbname'] is not of type 'string'

Runtime Error
  Credentials in profile "health", target "dev" invalid: ['dbname'] is not of type 'string'


[0m03:13:24.283219 [info ] [MainThread]: Project loading failed for the following reason:
 project path </home/duncan/dbttest/dbt_project.yml> not found

[0m03:13:24.283812 [debug] [MainThread]: Command `dbt debug` failed at 03:13:24.283704 after 0.07 seconds
[0m03:13:24.284245 [debug] [MainThread]: Sending event: {'category': 'dbt', 'action': 'invocation', 'label': 'end', 'context': [<snowplow_tracker.self_describing_json.SelfDescribingJson object at 0x7fefaaf2e370>, <snowplow_tracker.self_describing_json.SelfDescribingJson object at 0x7fefa9e07c40>, <snowplow_tracker.self_describing_json.SelfDescribingJson object at 0x7fefa9e07940>]}
[0m03:13:24.284667 [debug] [MainThread]: Flushing usage events
[0m03:13:43.410567 [debug] [MainThread]: Sending event: {'category': 'dbt', 'action': 'invocation', 'label': 'start', 'context': [<snowplow_tracker.self_describing_json.SelfDescribingJson object at 0x7f694945b2b0>, <snowplow_tracker.self_describing_json.SelfDescribingJson object at 0x7f6948333430>, <snowplow_tracker.self_describing_json.SelfDescribingJson object at 0x7f69483332e0>]}


============================== 03:13:43.414113 | d0b24f8e-fa8d-4cf4-a960-28c61f26516b ==============================
[0m03:13:43.414113 [info ] [MainThread]: Running with dbt=1.6.0
[0m03:13:43.414634 [debug] [MainThread]: running dbt with arguments {'printer_width': '80', 'indirect_selection': 'eager', 'write_json': 'True', 'log_cache_events': 'False', 'partial_parse': 'True', 'cache_selected_only': 'False', 'warn_error': 'None', 'fail_fast': 'False', 'debug': 'False', 'log_path': 'logs', 'version_check': 'True', 'profiles_dir': '/home/duncan/.dbt', 'use_colors': 'True', 'use_experimental_parser': 'False', 'no_print': 'None', 'quiet': 'False', 'warn_error_options': 'WarnErrorOptions(include=[], exclude=[])', 'introspect': 'True', 'static_parser': 'True', 'invocation_command': 'dbt debug', 'target_path': 'None', 'log_format': 'default', 'send_anonymous_usage_stats': 'True'}
[0m03:13:43.415074 [info ] [MainThread]: dbt version: 1.6.0
[0m03:13:43.415433 [info ] [MainThread]: python version: 3.8.10
[0m03:13:43.415745 [info ] [MainThread]: python path: /usr/bin/python3
[0m03:13:43.416065 [info ] [MainThread]: os info: Linux-5.15.0-1046-azure-x86_64-with-glibc2.29
[0m03:13:43.455222 [info ] [MainThread]: Using profiles dir at /home/duncan/.dbt
[0m03:13:43.455577 [info ] [MainThread]: Using profiles.yml file at /home/duncan/.dbt/profiles.yml
[0m03:13:43.455852 [info ] [MainThread]: Using dbt_project.yml file at /home/duncan/dbttest/dbt_project.yml
[0m03:13:43.456169 [info ] [MainThread]: Configuration:
[0m03:13:43.456517 [info ] [MainThread]:   profiles.yml file [[31mERROR invalid[0m]
[0m03:13:43.456915 [info ] [MainThread]:   dbt_project.yml file [[31mERROR not found[0m]
[0m03:13:43.457171 [info ] [MainThread]: Required dependencies:
[0m03:13:43.457425 [debug] [MainThread]: Executing "git --help"
[0m03:13:43.461814 [debug] [MainThread]: STDOUT: "b"usage: git [--version] [--help] [-C <path>] [-c <name>=<value>]\n           [--exec-path[=<path>]] [--html-path] [--man-path] [--info-path]\n           [-p | --paginate | -P | --no-pager] [--no-replace-objects] [--bare]\n           [--git-dir=<path>] [--work-tree=<path>] [--namespace=<name>]\n           <command> [<args>]\n\nThese are common Git commands used in various situations:\n\nstart a working area (see also: git help tutorial)\n   clone             Clone a repository into a new directory\n   init              Create an empty Git repository or reinitialize an existing one\n\nwork on the current change (see also: git help everyday)\n   add               Add file contents to the index\n   mv                Move or rename a file, a directory, or a symlink\n   restore           Restore working tree files\n   rm                Remove files from the working tree and from the index\n   sparse-checkout   Initialize and modify the sparse-checkout\n\nexamine the history and state (see also: git help revisions)\n   bisect            Use binary search to find the commit that introduced a bug\n   diff              Show changes between commits, commit and working tree, etc\n   grep              Print lines matching a pattern\n   log               Show commit logs\n   show              Show various types of objects\n   status            Show the working tree status\n\ngrow, mark and tweak your common history\n   branch            List, create, or delete branches\n   commit            Record changes to the repository\n   merge             Join two or more development histories together\n   rebase            Reapply commits on top of another base tip\n   reset             Reset current HEAD to the specified state\n   switch            Switch branches\n   tag               Create, list, delete or verify a tag object signed with GPG\n\ncollaborate (see also: git help workflows)\n   fetch             Download objects and refs from another repository\n   pull              Fetch from and integrate with another repository or a local branch\n   push              Update remote refs along with associated objects\n\n'git help -a' and 'git help -g' list available subcommands and some\nconcept guides. See 'git help <command>' or 'git help <concept>'\nto read about a specific subcommand or concept.\nSee 'git help git' for an overview of the system.\n""
[0m03:13:43.462354 [debug] [MainThread]: STDERR: "b''"
[0m03:13:43.462649 [info ] [MainThread]:  - git [[32mOK found[0m]

[0m03:13:43.462930 [info ] [MainThread]: Connection test skipped since no profile was found
[0m03:13:43.463213 [info ] [MainThread]: [31m2 checks failed:[0m
[0m03:13:43.463476 [info ] [MainThread]: Could not load dbt_project.yml
Profile loading failed for the following reason:
Runtime Error
  Credentials in profile "test_project", target "dev" invalid: ['dbname'] is not of type 'string'

Runtime Error
  Credentials in profile "mydbt", target "dev" invalid: ['dbname'] is not of type 'string'

Runtime Error
  Credentials in profile "traffic", target "dev" invalid: ['dbname'] is not of type 'string'

Runtime Error
  Credentials in profile "dbt_health", target "dev" invalid: ['dbname'] is not of type 'string'

Runtime Error
  Credentials in profile "health", target "dev" invalid: ['dbname'] is not of type 'string'


[0m03:13:43.463744 [info ] [MainThread]: Project loading failed for the following reason:
 project path </home/duncan/dbttest/dbt_project.yml> not found

[0m03:13:43.464323 [debug] [MainThread]: Command `dbt debug` failed at 03:13:43.464213 after 0.06 seconds
[0m03:13:43.464710 [debug] [MainThread]: Sending event: {'category': 'dbt', 'action': 'invocation', 'label': 'end', 'context': [<snowplow_tracker.self_describing_json.SelfDescribingJson object at 0x7f694945b2b0>, <snowplow_tracker.self_describing_json.SelfDescribingJson object at 0x7f6948333490>, <snowplow_tracker.self_describing_json.SelfDescribingJson object at 0x7f6948333040>]}
[0m03:13:43.465098 [debug] [MainThread]: Flushing usage events
[0m03:14:07.007656 [debug] [MainThread]: Sending event: {'category': 'dbt', 'action': 'invocation', 'label': 'start', 'context': [<snowplow_tracker.self_describing_json.SelfDescribingJson object at 0x7fbc78b74340>, <snowplow_tracker.self_describing_json.SelfDescribingJson object at 0x7fbc77a30190>, <snowplow_tracker.self_describing_json.SelfDescribingJson object at 0x7fbc77a30250>]}


============================== 03:14:07.011156 | 1d0e74c9-66e8-43fd-a3ed-5673919e3caf ==============================
[0m03:14:07.011156 [info ] [MainThread]: Running with dbt=1.6.0
[0m03:14:07.011582 [debug] [MainThread]: running dbt with arguments {'printer_width': '80', 'indirect_selection': 'eager', 'log_cache_events': 'False', 'write_json': 'True', 'partial_parse': 'True', 'cache_selected_only': 'False', 'profiles_dir': '/home/duncan/.dbt', 'version_check': 'True', 'warn_error': 'None', 'log_path': 'logs', 'debug': 'False', 'fail_fast': 'False', 'use_colors': 'True', 'use_experimental_parser': 'False', 'no_print': 'None', 'quiet': 'False', 'warn_error_options': 'WarnErrorOptions(include=[], exclude=[])', 'introspect': 'True', 'static_parser': 'True', 'invocation_command': 'dbt debug', 'target_path': 'None', 'log_format': 'default', 'send_anonymous_usage_stats': 'True'}
[0m03:14:07.011983 [info ] [MainThread]: dbt version: 1.6.0
[0m03:14:07.012277 [info ] [MainThread]: python version: 3.8.10
[0m03:14:07.012530 [info ] [MainThread]: python path: /usr/bin/python3
[0m03:14:07.012775 [info ] [MainThread]: os info: Linux-5.15.0-1046-azure-x86_64-with-glibc2.29
[0m03:14:07.051536 [info ] [MainThread]: Using profiles dir at /home/duncan/.dbt
[0m03:14:07.051897 [info ] [MainThread]: Using profiles.yml file at /home/duncan/.dbt/profiles.yml
[0m03:14:07.052199 [info ] [MainThread]: Using dbt_project.yml file at /home/duncan/dbttest/dbt_project.yml
[0m03:14:07.052458 [info ] [MainThread]: Configuration:
[0m03:14:07.052696 [info ] [MainThread]:   profiles.yml file [[31mERROR invalid[0m]
[0m03:14:07.052927 [info ] [MainThread]:   dbt_project.yml file [[31mERROR not found[0m]
[0m03:14:07.053155 [info ] [MainThread]: Required dependencies:
[0m03:14:07.053400 [debug] [MainThread]: Executing "git --help"
[0m03:14:07.057794 [debug] [MainThread]: STDOUT: "b"usage: git [--version] [--help] [-C <path>] [-c <name>=<value>]\n           [--exec-path[=<path>]] [--html-path] [--man-path] [--info-path]\n           [-p | --paginate | -P | --no-pager] [--no-replace-objects] [--bare]\n           [--git-dir=<path>] [--work-tree=<path>] [--namespace=<name>]\n           <command> [<args>]\n\nThese are common Git commands used in various situations:\n\nstart a working area (see also: git help tutorial)\n   clone             Clone a repository into a new directory\n   init              Create an empty Git repository or reinitialize an existing one\n\nwork on the current change (see also: git help everyday)\n   add               Add file contents to the index\n   mv                Move or rename a file, a directory, or a symlink\n   restore           Restore working tree files\n   rm                Remove files from the working tree and from the index\n   sparse-checkout   Initialize and modify the sparse-checkout\n\nexamine the history and state (see also: git help revisions)\n   bisect            Use binary search to find the commit that introduced a bug\n   diff              Show changes between commits, commit and working tree, etc\n   grep              Print lines matching a pattern\n   log               Show commit logs\n   show              Show various types of objects\n   status            Show the working tree status\n\ngrow, mark and tweak your common history\n   branch            List, create, or delete branches\n   commit            Record changes to the repository\n   merge             Join two or more development histories together\n   rebase            Reapply commits on top of another base tip\n   reset             Reset current HEAD to the specified state\n   switch            Switch branches\n   tag               Create, list, delete or verify a tag object signed with GPG\n\ncollaborate (see also: git help workflows)\n   fetch             Download objects and refs from another repository\n   pull              Fetch from and integrate with another repository or a local branch\n   push              Update remote refs along with associated objects\n\n'git help -a' and 'git help -g' list available subcommands and some\nconcept guides. See 'git help <command>' or 'git help <concept>'\nto read about a specific subcommand or concept.\nSee 'git help git' for an overview of the system.\n""
[0m03:14:07.058374 [debug] [MainThread]: STDERR: "b''"
[0m03:14:07.058665 [info ] [MainThread]:  - git [[32mOK found[0m]

[0m03:14:07.058957 [info ] [MainThread]: Connection test skipped since no profile was found
[0m03:14:07.059453 [info ] [MainThread]: [31m2 checks failed:[0m
[0m03:14:07.059956 [info ] [MainThread]: Could not load dbt_project.yml
Profile loading failed for the following reason:
Runtime Error
  Credentials in profile "test_project", target "dev" invalid: ['dbname'] is not of type 'string'

Runtime Error
  Credentials in profile "mydbt", target "dev" invalid: ['dbname'] is not of type 'string'

Runtime Error
  Credentials in profile "traffic", target "dev" invalid: ['dbname'] is not of type 'string'

Runtime Error
  Credentials in profile "dbt_health", target "dev" invalid: ['dbname'] is not of type 'string'

Runtime Error
  Credentials in profile "health", target "dev" invalid: ['dbname'] is not of type 'string'


[0m03:14:07.060476 [info ] [MainThread]: Project loading failed for the following reason:
 project path </home/duncan/dbttest/dbt_project.yml> not found

[0m03:14:07.061125 [debug] [MainThread]: Command `dbt debug` failed at 03:14:07.061009 after 0.06 seconds
[0m03:14:07.061516 [debug] [MainThread]: Sending event: {'category': 'dbt', 'action': 'invocation', 'label': 'end', 'context': [<snowplow_tracker.self_describing_json.SelfDescribingJson object at 0x7fbc78b74340>, <snowplow_tracker.self_describing_json.SelfDescribingJson object at 0x7fbc77a30c70>, <snowplow_tracker.self_describing_json.SelfDescribingJson object at 0x7fbc77a302b0>]}
[0m03:14:07.061913 [debug] [MainThread]: Flushing usage events
[0m03:14:22.326083 [debug] [MainThread]: Sending event: {'category': 'dbt', 'action': 'invocation', 'label': 'start', 'context': [<snowplow_tracker.self_describing_json.SelfDescribingJson object at 0x7f3c5be4b280>, <snowplow_tracker.self_describing_json.SelfDescribingJson object at 0x7f3c5a1d0790>, <snowplow_tracker.self_describing_json.SelfDescribingJson object at 0x7f3c5a1d0580>]}


============================== 03:14:22.329854 | c8b35097-b7f9-48f8-bda8-b78c4a64a395 ==============================
[0m03:14:22.329854 [info ] [MainThread]: Running with dbt=1.6.0
[0m03:14:22.330292 [debug] [MainThread]: running dbt with arguments {'printer_width': '80', 'indirect_selection': 'eager', 'write_json': 'True', 'log_cache_events': 'False', 'partial_parse': 'True', 'cache_selected_only': 'False', 'warn_error': 'None', 'version_check': 'True', 'fail_fast': 'False', 'log_path': 'logs', 'profiles_dir': '/home/duncan/.dbt', 'debug': 'False', 'use_colors': 'True', 'use_experimental_parser': 'False', 'no_print': 'None', 'quiet': 'False', 'log_format': 'default', 'static_parser': 'True', 'warn_error_options': 'WarnErrorOptions(include=[], exclude=[])', 'introspect': 'True', 'target_path': 'None', 'invocation_command': 'dbt test', 'send_anonymous_usage_stats': 'True'}
[0m03:14:22.330700 [error] [MainThread]: Encountered an error:
Runtime Error
  No dbt_project.yml found at expected path /home/duncan/dbttest/dbt_project.yml
  Verify that each entry within packages.yml (and their transitive dependencies) contains a file named dbt_project.yml
  
[0m03:14:22.331179 [debug] [MainThread]: Command `dbt test` failed at 03:14:22.331088 after 0.02 seconds
[0m03:14:22.331477 [debug] [MainThread]: Sending event: {'category': 'dbt', 'action': 'invocation', 'label': 'end', 'context': [<snowplow_tracker.self_describing_json.SelfDescribingJson object at 0x7f3c5be4b280>, <snowplow_tracker.self_describing_json.SelfDescribingJson object at 0x7f3c5a1d06a0>, <snowplow_tracker.self_describing_json.SelfDescribingJson object at 0x7f3c5a1d0a30>]}
[0m03:14:22.331783 [debug] [MainThread]: Flushing usage events
[0m03:15:00.457249 [debug] [MainThread]: Sending event: {'category': 'dbt', 'action': 'invocation', 'label': 'start', 'context': [<snowplow_tracker.self_describing_json.SelfDescribingJson object at 0x7ff61a4d03d0>, <snowplow_tracker.self_describing_json.SelfDescribingJson object at 0x7ff6188398e0>, <snowplow_tracker.self_describing_json.SelfDescribingJson object at 0x7ff618839730>]}


============================== 03:15:00.460548 | a5d58997-4f99-421a-89fb-94639f4964f8 ==============================
[0m03:15:00.460548 [info ] [MainThread]: Running with dbt=1.6.0
[0m03:15:00.460991 [debug] [MainThread]: running dbt with arguments {'printer_width': '80', 'indirect_selection': 'eager', 'write_json': 'True', 'log_cache_events': 'False', 'partial_parse': 'True', 'cache_selected_only': 'False', 'profiles_dir': '/home/duncan/.dbt', 'version_check': 'True', 'fail_fast': 'False', 'log_path': 'logs', 'warn_error': 'None', 'debug': 'False', 'use_colors': 'True', 'use_experimental_parser': 'False', 'no_print': 'None', 'quiet': 'False', 'warn_error_options': 'WarnErrorOptions(include=[], exclude=[])', 'invocation_command': 'dbt test', 'log_format': 'default', 'introspect': 'True', 'target_path': 'None', 'static_parser': 'True', 'send_anonymous_usage_stats': 'True'}
[0m03:15:00.461380 [error] [MainThread]: Encountered an error:
Runtime Error
  No dbt_project.yml found at expected path /home/duncan/dbttest/dbt_project.yml
  Verify that each entry within packages.yml (and their transitive dependencies) contains a file named dbt_project.yml
  
[0m03:15:00.461853 [debug] [MainThread]: Command `dbt test` failed at 03:15:00.461764 after 0.02 seconds
[0m03:15:00.462151 [debug] [MainThread]: Sending event: {'category': 'dbt', 'action': 'invocation', 'label': 'end', 'context': [<snowplow_tracker.self_describing_json.SelfDescribingJson object at 0x7ff61a4d03d0>, <snowplow_tracker.self_describing_json.SelfDescribingJson object at 0x7ff618839730>, <snowplow_tracker.self_describing_json.SelfDescribingJson object at 0x7ff618839b50>]}
[0m03:15:00.462452 [debug] [MainThread]: Flushing usage events
